<?xml version="1.0" encoding="UTF-8"?>
<!-- Generated by org.testng.reporters.JUnitReportReporter -->
<testsuite hostname="HYDHTC389187L" failures="0" tests="14" name="webdriveruniversity.comTest.WebdriveruniversityTestCases" time="212.124" errors="0" timestamp="2024-02-16T10:24:05 IST" skipped="0">
  <testcase classname="webdriveruniversity.comTest.WebdriveruniversityTestCases" name="test1" time="10.494"/>
  <testcase classname="webdriveruniversity.comTest.WebdriveruniversityTestCases" name="test2" time="12.173"/>
  <testcase classname="webdriveruniversity.comTest.WebdriveruniversityTestCases" name="test3" time="11.873"/>
  <testcase classname="webdriveruniversity.comTest.WebdriveruniversityTestCases" name="test4" time="9.058"/>
  <testcase classname="webdriveruniversity.comTest.WebdriveruniversityTestCases" name="test5" time="10.299"/>
  <testcase classname="webdriveruniversity.comTest.WebdriveruniversityTestCases" name="test6" time="10.819"/>
  <testcase classname="webdriveruniversity.comTest.WebdriveruniversityTestCases" name="test7" time="15.771"/>
  <testcase classname="webdriveruniversity.comTest.WebdriveruniversityTestCases" name="test8" time="12.381"/>
  <testcase classname="webdriveruniversity.comTest.WebdriveruniversityTestCases" name="test9" time="55.705"/>
  <testcase classname="webdriveruniversity.comTest.WebdriveruniversityTestCases" name="test10" time="13.259"/>
  <testcase classname="webdriveruniversity.comTest.WebdriveruniversityTestCases" name="test11" time="23.519"/>
  <testcase classname="webdriveruniversity.comTest.WebdriveruniversityTestCases" name="test12" time="2.399"/>
  <testcase classname="webdriveruniversity.comTest.WebdriveruniversityTestCases" name="test13" time="10.465"/>
  <testcase classname="webdriveruniversity.comTest.WebdriveruniversityTestCases" name="test14" time="13.909"/>
</testsuite> <!-- webdriveruniversity.comTest.WebdriveruniversityTestCases -->
